This is pdfTeX, Version 3.14159265-2.6-1.40.19 (TeX Live 2018) (preloaded format=pdflatex 2019.2.10)  15 MAR 2019 17:07
entering extended mode
 restricted \write18 enabled.
 file:line:error style messages enabled.
 %&-line parsing enabled.
**citelist.bib
(./citelist.bib
LaTeX2e <2018-12-01>

./citelist.bib:1: LaTeX Error: Missing \begin{document}.

See the LaTeX manual or LaTeX Companion for explanation.
Type  H <return>  for immediate help.
 ...                                              
                                                  
l.1 @
     article{zd01,
? 
./citelist.bib:1: Emergency stop.
 ...                                              
                                                  
l.1 @
     article{zd01,
You're in trouble here.  Try typing  <return>  to proceed.
If that doesn't work, type  X <return>  to quit.

 
Here is how much of TeX's memory you used:
 7 strings out of 492616
 268 string characters out of 6128982
 57402 words of memory out of 5000000
 4017 multiletter control sequences out of 15000+600000
 3640 words of font info for 14 fonts, out of 8000000 for 9000
 1141 hyphenation exceptions out of 8191
 5i,0n,4p,29b,14s stack positions out of 5000i,500n,10000p,200000b,80000s
./citelist.bib:1:  ==> Fatal error occurred, no output PDF file produced!
